[c0001:11815] mca_base_component_repository_open: unable to open mca_oob_ud: libosmcomp.so.3: cannot open shared object file: No such file or directory (ignored)
[c0001:11852] mca_base_component_repository_open: unable to open mca_oob_ud: libosmcomp.so.3: cannot open shared object file: No such file or directory (ignored)
[c0001:11848] mca_base_component_repository_open: unable to open mca_oob_ud: libosmcomp.so.3: cannot open shared object file: No such file or directory (ignored)
[c0001:11852] mca_base_component_repository_open: unable to open mca_btl_openib: libosmcomp.so.3: cannot open shared object file: No such file or directory (ignored)
[c0001:11848] mca_base_component_repository_open: unable to open mca_btl_openib: libosmcomp.so.3: cannot open shared object file: No such file or directory (ignored)
[c0002:19863] mca_base_component_repository_open: unable to open mca_oob_ud: libosmcomp.so.3: cannot open shared object file: No such file or directory (ignored)
[c0002:19861] mca_base_component_repository_open: unable to open mca_oob_ud: libosmcomp.so.3: cannot open shared object file: No such file or directory (ignored)
[c0002:19863] mca_base_component_repository_open: unable to open mca_btl_openib: libosmcomp.so.3: cannot open shared object file: No such file or directory (ignored)
[c0002:19861] mca_base_component_repository_open: unable to open mca_btl_openib: libosmcomp.so.3: cannot open shared object file: No such file or directory (ignored)
[c0002:19862] mca_base_component_repository_open: unable to open mca_oob_ud: libosmcomp.so.3: cannot open shared object file: No such file or directory (ignored)
[c0002:19862] mca_base_component_repository_open: unable to open mca_btl_openib: libosmcomp.so.3: cannot open shared object file: No such file or directory (ignored)
[c0001:11851] mca_base_component_repository_open: unable to open mca_oob_ud: libosmcomp.so.3: cannot open shared object file: No such file or directory (ignored)
[c0001:11851] mca_base_component_repository_open: unable to open mca_btl_openib: libosmcomp.so.3: cannot open shared object file: No such file or directory (ignored)
[c0001:11853] mca_base_component_repository_open: unable to open mca_oob_ud: libosmcomp.so.3: cannot open shared object file: No such file or directory (ignored)
[c0001:11853] mca_base_component_repository_open: unable to open mca_btl_openib: libosmcomp.so.3: cannot open shared object file: No such file or directory (ignored)
[c0002:19859] mca_base_component_repository_open: unable to open mca_oob_ud: libosmcomp.so.3: cannot open shared object file: No such file or directory (ignored)
[c0002:19859] mca_base_component_repository_open: unable to open mca_btl_openib: libosmcomp.so.3: cannot open shared object file: No such file or directory (ignored)
slurmstepd: error: *** JOB 123302 ON c0001 CANCELLED AT 2022-04-12T19:37:32 DUE TO TIME LIMIT ***
--------------------------------------------------------------------------
ORTE has lost communication with a remote daemon.

  HNP daemon   : [[18390,0],0] on node c0001
  Remote daemon: [[18390,0],1] on node c0002

This is usually due to either a failure of the TCP network
connection to the node, or possibly an internal failure of
the daemon itself. We cannot recover from this failure, and
therefore will terminate the job.
--------------------------------------------------------------------------
mpirun: Forwarding signal 18 to job
