[c0001:40537] mca_base_component_repository_open: unable to open mca_oob_ud: libosmcomp.so.3: cannot open shared object file: No such file or directory (ignored)
[c0001:40559] mca_base_component_repository_open: unable to open mca_oob_ud: libosmcomp.so.3: cannot open shared object file: No such file or directory (ignored)
[c0001:40566] mca_base_component_repository_open: unable to open mca_oob_ud: libosmcomp.so.3: cannot open shared object file: No such file or directory (ignored)
[c0001:40564] mca_base_component_repository_open: unable to open mca_oob_ud: libosmcomp.so.3: cannot open shared object file: No such file or directory (ignored)
[c0001:40562] mca_base_component_repository_open: unable to open mca_oob_ud: libosmcomp.so.3: cannot open shared object file: No such file or directory (ignored)
[c0001:40559] mca_base_component_repository_open: unable to open mca_btl_openib: libosmcomp.so.3: cannot open shared object file: No such file or directory (ignored)
[c0001:40566] mca_base_component_repository_open: unable to open mca_btl_openib: libosmcomp.so.3: cannot open shared object file: No such file or directory (ignored)
[c0001:40564] mca_base_component_repository_open: unable to open mca_btl_openib: libosmcomp.so.3: cannot open shared object file: No such file or directory (ignored)
[c0001:40562] mca_base_component_repository_open: unable to open mca_btl_openib: libosmcomp.so.3: cannot open shared object file: No such file or directory (ignored)
[c0002:30573] mca_base_component_repository_open: unable to open mca_oob_ud: libosmcomp.so.3: cannot open shared object file: No such file or directory (ignored)
[c0002:30568] mca_base_component_repository_open: unable to open mca_oob_ud: libosmcomp.so.3: cannot open shared object file: No such file or directory (ignored)
[c0002:30572] mca_base_component_repository_open: unable to open mca_oob_ud: libosmcomp.so.3: cannot open shared object file: No such file or directory (ignored)
[c0002:30570] mca_base_component_repository_open: unable to open mca_oob_ud: libosmcomp.so.3: cannot open shared object file: No such file or directory (ignored)
[c0002:30568] mca_base_component_repository_open: unable to open mca_btl_openib: libosmcomp.so.3: cannot open shared object file: No such file or directory (ignored)
[c0002:30570] mca_base_component_repository_open: unable to open mca_btl_openib: libosmcomp.so.3: cannot open shared object file: No such file or directory (ignored)
[c0002:30573] mca_base_component_repository_open: unable to open mca_btl_openib: libosmcomp.so.3: cannot open shared object file: No such file or directory (ignored)
[c0002:30572] mca_base_component_repository_open: unable to open mca_btl_openib: libosmcomp.so.3: cannot open shared object file: No such file or directory (ignored)
slurmstepd: error: *** JOB 123288 ON c0001 CANCELLED AT 2022-04-12T19:17:32 DUE TO TIME LIMIT ***
--------------------------------------------------------------------------
ORTE has lost communication with a remote daemon.

  HNP daemon   : [[63400,0],0] on node c0001
  Remote daemon: [[63400,0],1] on node c0002

This is usually due to either a failure of the TCP network
connection to the node, or possibly an internal failure of
the daemon itself. We cannot recover from this failure, and
therefore will terminate the job.
--------------------------------------------------------------------------
mpirun: abort is already in progress...hit ctrl-c again to forcibly terminate

mpirun: Forwarding signal 18 to job
[c0001:40537] *** Process received signal ***
[c0001:40537] Signal: Segmentation fault (11)
[c0001:40537] Signal code: Address not mapped (1)
[c0001:40537] Failing at address: 0x30
